\BOOKMARK [0][-]{section*.1}{Dedication}{}% 1
\BOOKMARK [0][-]{section*.2}{Acknowledgments}{}% 2
\BOOKMARK [0][-]{section*.3}{Preface}{}% 3
\BOOKMARK [0][-]{v.0}{Table of Contents}{}% 4
\BOOKMARK [0][-]{section*.6}{List of Figures}{}% 5
\BOOKMARK [0][-]{section*.9}{List of Tables}{}% 6
\BOOKMARK [0][-]{section*.10}{List of Appendices}{}% 7
\BOOKMARK [0][-]{section*.12}{List of Abbreviations}{}% 8
\BOOKMARK [0][-]{section*.13}{Abstract}{}% 9
\BOOKMARK [0][-]{chapter.1}{Introduction}{}% 10
\BOOKMARK [-1][-]{part.1}{Part I: First part of thesis}{}% 11
\BOOKMARK [0][-]{chapter.2}{Introduction}{part.1}% 12
\BOOKMARK [1][-]{section.2.1}{Section title}{chapter.2}% 13
\BOOKMARK [0][-]{chapter.3}{Next chapter title}{part.1}% 14
\BOOKMARK [-1][-]{part.2}{Part II: Second part title}{}% 15
\BOOKMARK [0][-]{chapter.4}{Yet another chapter title}{part.2}% 16
\BOOKMARK [0][-]{section*.16}{Appendices}{part.2}% 17
\BOOKMARK [0][-]{Behold -- my first appendix.0}{Behold \205 my first appendix}{part.2}% 18
\BOOKMARK [0][-]{section*.17}{Behold \205 my first appendix}{part.2}% 19
\BOOKMARK [0][-]{Behold -- my second appendix.0}{Behold \205 my second appendix}{part.2}% 20
\BOOKMARK [0][-]{section*.18}{Behold \205 my second appendix}{part.2}% 21
\BOOKMARK [0][-]{section*.19}{Bibliography}{part.2}% 22
